c:\users\preda\desktop\github\facultate\anul 1\poo\quizgame\quizgame\x64\debug\vc142.pdb
c:\users\preda\desktop\github\facultate\anul 1\poo\quizgame\quizgame\x64\debug\vc142.idb
c:\users\preda\desktop\github\facultate\anul 1\poo\quizgame\quizgame\x64\debug\app.obj
c:\users\preda\desktop\github\facultate\anul 1\poo\quizgame\quizgame\x64\debug\gameframe.obj
c:\users\preda\desktop\github\facultate\anul 1\poo\quizgame\quizgame\x64\debug\question.obj
c:\users\preda\desktop\github\facultate\anul 1\poo\quizgame\quizgame\x64\debug\multiplechoice.obj
c:\users\preda\desktop\github\facultate\anul 1\poo\quizgame\quizgame\x64\debug\word.obj
c:\users\preda\desktop\github\facultate\anul 1\poo\quizgame\quizgame\x64\debug\number.obj
c:\users\preda\desktop\github\facultate\anul 1\poo\quizgame\quizgame\x64\debug\error.obj
c:\users\preda\desktop\github\facultate\anul 1\poo\quizgame\quizgame\x64\debug\createquestion.obj
c:\users\preda\desktop\github\facultate\anul 1\poo\quizgame\x64\debug\quizgame.exe
c:\users\preda\desktop\github\facultate\anul 1\poo\quizgame\x64\debug\quizgame.ilk
c:\users\preda\desktop\github\facultate\anul 1\poo\quizgame\x64\debug\quizgame.pdb
c:\users\preda\desktop\github\facultate\anul 1\poo\quizgame\quizgame\x64\debug\quizgame.obj
c:\users\preda\desktop\github\facultate\anul 1\poo\quizgame\quizgame\x64\debug\quizgame.tlog\cl.command.1.tlog
c:\users\preda\desktop\github\facultate\anul 1\poo\quizgame\quizgame\x64\debug\quizgame.tlog\cl.read.1.tlog
c:\users\preda\desktop\github\facultate\anul 1\poo\quizgame\quizgame\x64\debug\quizgame.tlog\cl.write.1.tlog
c:\users\preda\desktop\github\facultate\anul 1\poo\quizgame\quizgame\x64\debug\quizgame.tlog\link.command.1.tlog
c:\users\preda\desktop\github\facultate\anul 1\poo\quizgame\quizgame\x64\debug\quizgame.tlog\link.read.1.tlog
c:\users\preda\desktop\github\facultate\anul 1\poo\quizgame\quizgame\x64\debug\quizgame.tlog\link.write.1.tlog
